<?xml version="1.0" encoding="UTF-8"?>
<!-- Generated by org.testng.reporters.JUnitReportReporter -->
<testsuite hostname="DESKTOP-FS2H12I" failures="0" tests="5" name="ApiExampleProjectParalellTestRunner" time="23.400" errors="0" timestamp="06 may. 2021 21:15:45 GMT" skipped="0">
  <testcase classname="ApiExampleProjectParalellTestRunner" name="runScenario" time="4.491"/>
  <testcase classname="ApiExampleProjectParalellTestRunner" name="runScenario" time="4.492"/>
  <testcase classname="ApiExampleProjectParalellTestRunner" name="runScenario" time="4.493"/>
  <testcase classname="ApiExampleProjectParalellTestRunner" name="runScenario" time="5.427"/>
  <testcase classname="ApiExampleProjectParalellTestRunner" name="runScenario" time="4.497"/>
</testsuite> <!-- ApiExampleProjectParalellTestRunner -->
